\BOOKMARK [0][-]{chapter*.1}{\376\377\000Z\000u\000s\000a\000m\000m\000e\000n\000f\000a\000s\000s\000u\000n\000g}{}% 1
\BOOKMARK [0][-]{chapter*.2}{\376\377\000A\000b\000s\000t\000r\000a\000c\000t}{}% 2
\BOOKMARK [0][-]{chapter.1}{\376\377\000E\000i\000n\000l\000e\000i\000t\000u\000n\000g}{}% 3
\BOOKMARK [1][-]{section.1.1}{\376\377\000M\000o\000t\000i\000v\000a\000t\000i\000o\000n\000\040\000u\000n\000d\000\040\000P\000r\000o\000b\000l\000e\000m\000s\000t\000e\000l\000l\000u\000n\000g}{chapter.1}% 4
\BOOKMARK [1][-]{section.1.2}{\376\377\000Z\000i\000e\000l\000s\000e\000t\000z\000u\000n\000g\000\040\000d\000e\000r\000\040\000A\000r\000b\000e\000i\000t}{chapter.1}% 5
\BOOKMARK [1][-]{section.1.3}{\376\377\000M\000e\000t\000h\000o\000d\000i\000s\000c\000h\000e\000\040\000H\000e\000r\000a\000n\000g\000e\000h\000e\000n\000s\000w\000e\000i\000s\000e}{chapter.1}% 6
\BOOKMARK [1][-]{section.1.4}{\376\377\000S\000t\000r\000u\000k\000t\000u\000r\000\040\000d\000e\000r\000\040\000A\000r\000b\000e\000i\000t}{chapter.1}% 7
\BOOKMARK [1][-]{section.1.5}{\376\377\000A\000b\000g\000r\000e\000n\000z\000u\000n\000g\000\040\000u\000n\000d\000\040\000L\000i\000m\000i\000t\000a\000t\000i\000o\000n}{chapter.1}% 8
\BOOKMARK [1][-]{section.1.6}{\376\377\000E\000r\000w\000a\000r\000t\000e\000t\000e\000\040\000B\000e\000i\000t\000r\000\344\000g\000e}{chapter.1}% 9
\BOOKMARK [0][-]{chapter.2}{\376\377\000T\000h\000e\000o\000r\000e\000t\000i\000s\000c\000h\000e\000\040\000G\000r\000u\000n\000d\000l\000a\000g\000e\000n}{}% 10
\BOOKMARK [1][-]{section.2.1}{\376\377\000E\000i\000n\000f\000\374\000h\000r\000u\000n\000g\000\040\000i\000n\000\040\000n\000e\000u\000r\000o\000n\000a\000l\000e\000\040\000N\000e\000t\000z\000w\000e\000r\000k\000e}{chapter.2}% 11
\BOOKMARK [2][-]{subsection.2.1.1}{\376\377\000D\000a\000s\000\040\000P\000e\000r\000c\000e\000p\000t\000r\000o\000n\000-\000M\000o\000d\000e\000l\000l}{section.2.1}% 12
\BOOKMARK [2][-]{subsection.2.1.2}{\376\377\000M\000e\000h\000r\000s\000c\000h\000i\000c\000h\000t\000i\000g\000e\000\040\000n\000e\000u\000r\000o\000n\000a\000l\000e\000\040\000N\000e\000t\000z\000w\000e\000r\000k\000e}{section.2.1}% 13
\BOOKMARK [2][-]{subsection.2.1.3}{\376\377\000B\000a\000c\000k\000p\000r\000o\000p\000a\000g\000a\000t\000i\000o\000n\000-\000A\000l\000g\000o\000r\000i\000t\000h\000m\000u\000s}{section.2.1}% 14
\BOOKMARK [1][-]{section.2.2}{\376\377\000S\000e\000q\000u\000e\000n\000z\000m\000o\000d\000e\000l\000l\000i\000e\000r\000u\000n\000g\000\040\000u\000n\000d\000\040\000r\000e\000k\000u\000r\000r\000e\000n\000t\000e\000\040\000N\000e\000t\000z\000w\000e\000r\000k\000e}{chapter.2}% 15
\BOOKMARK [2][-]{subsection.2.2.1}{\376\377\000R\000e\000c\000u\000r\000r\000e\000n\000t\000\040\000N\000e\000u\000r\000a\000l\000\040\000N\000e\000t\000w\000o\000r\000k\000s\000\040\000\050\000R\000N\000N\000s\000\051}{section.2.2}% 16
\BOOKMARK [2][-]{subsection.2.2.2}{\376\377\000P\000r\000o\000b\000l\000e\000m\000e\000\040\000t\000r\000a\000d\000i\000t\000i\000o\000n\000e\000l\000l\000e\000r\000\040\000R\000N\000N\000s}{section.2.2}% 17
\BOOKMARK [2][-]{subsection.2.2.3}{\376\377\000L\000o\000n\000g\000\040\000S\000h\000o\000r\000t\000-\000T\000e\000r\000m\000\040\000M\000e\000m\000o\000r\000y\000\040\000\050\000L\000S\000T\000M\000\051}{section.2.2}% 18
\BOOKMARK [1][-]{section.2.3}{\376\377\000A\000t\000t\000e\000n\000t\000i\000o\000n\000-\000M\000e\000c\000h\000a\000n\000i\000s\000m\000e\000n}{chapter.2}% 19
\BOOKMARK [2][-]{subsection.2.3.1}{\376\377\000G\000r\000u\000n\000d\000k\000o\000n\000z\000e\000p\000t\000\040\000d\000e\000r\000\040\000A\000t\000t\000e\000n\000t\000i\000o\000n}{section.2.3}% 20
\BOOKMARK [2][-]{subsection.2.3.2}{\376\377\000B\000e\000r\000e\000c\000h\000n\000u\000n\000g\000\040\000d\000e\000r\000\040\000A\000t\000t\000e\000n\000t\000i\000o\000n\000-\000G\000e\000w\000i\000c\000h\000t\000e}{section.2.3}% 21
\BOOKMARK [2][-]{subsection.2.3.3}{\376\377\000S\000e\000l\000f\000-\000A\000t\000t\000e\000n\000t\000i\000o\000n}{section.2.3}% 22
\BOOKMARK [1][-]{section.2.4}{\376\377\000E\000m\000b\000e\000d\000d\000i\000n\000g\000s\000\040\000u\000n\000d\000\040\000D\000a\000r\000s\000t\000e\000l\000l\000u\000n\000g\000\040\000v\000o\000n\000\040\000T\000e\000x\000t\000e\000n}{chapter.2}% 23
\BOOKMARK [2][-]{subsection.2.4.1}{\376\377\000O\000n\000e\000-\000H\000o\000t\000\040\000E\000n\000c\000o\000d\000i\000n\000g}{section.2.4}% 24
\BOOKMARK [2][-]{subsection.2.4.2}{\376\377\000D\000e\000n\000s\000e\000\040\000W\000o\000r\000d\000\040\000E\000m\000b\000e\000d\000d\000i\000n\000g\000s}{section.2.4}% 25
\BOOKMARK [2][-]{subsection.2.4.3}{\376\377\000K\000o\000n\000t\000e\000x\000t\000u\000e\000l\000l\000e\000\040\000E\000m\000b\000e\000d\000d\000i\000n\000g\000s}{section.2.4}% 26
\BOOKMARK [1][-]{section.2.5}{\376\377\000O\000p\000t\000i\000m\000i\000e\000r\000u\000n\000g\000s\000v\000e\000r\000f\000a\000h\000r\000e\000n\000\040\000f\000\374\000r\000\040\000D\000e\000e\000p\000\040\000L\000e\000a\000r\000n\000i\000n\000g}{chapter.2}% 27
\BOOKMARK [2][-]{subsection.2.5.1}{\376\377\000S\000t\000o\000c\000h\000a\000s\000t\000i\000c\000\040\000G\000r\000a\000d\000i\000e\000n\000t\000\040\000D\000e\000s\000c\000e\000n\000t\000\040\000\050\000S\000G\000D\000\051}{section.2.5}% 28
\BOOKMARK [2][-]{subsection.2.5.2}{\376\377\000A\000d\000a\000p\000t\000i\000v\000e\000\040\000O\000p\000t\000i\000m\000i\000e\000r\000u\000n\000g\000s\000v\000e\000r\000f\000a\000h\000r\000e\000n}{section.2.5}% 29
\BOOKMARK [1][-]{section.2.6}{\376\377\000R\000e\000g\000u\000l\000a\000r\000i\000s\000i\000e\000r\000u\000n\000g\000\040\000u\000n\000d\000\040\000G\000e\000n\000e\000r\000a\000l\000i\000s\000i\000e\000r\000u\000n\000g}{chapter.2}% 30
\BOOKMARK [2][-]{subsection.2.6.1}{\376\377\000D\000r\000o\000p\000o\000u\000t}{section.2.6}% 31
\BOOKMARK [2][-]{subsection.2.6.2}{\376\377\000L\000a\000y\000e\000r\000\040\000N\000o\000r\000m\000a\000l\000i\000z\000a\000t\000i\000o\000n}{section.2.6}% 32
\BOOKMARK [1][-]{section.2.7}{\376\377\000Z\000u\000s\000a\000m\000m\000e\000n\000f\000a\000s\000s\000u\000n\000g}{chapter.2}% 33
\BOOKMARK [0][-]{chapter.3}{\376\377\000D\000i\000e\000\040\000T\000r\000a\000n\000s\000f\000o\000r\000m\000e\000r\000-\000A\000r\000c\000h\000i\000t\000e\000k\000t\000u\000r}{}% 34
\BOOKMARK [1][-]{section.3.1}{\376\377\000E\000i\000n\000f\000\374\000h\000r\000u\000n\000g\000\040\000u\000n\000d\000\040\000M\000o\000t\000i\000v\000a\000t\000i\000o\000n}{chapter.3}% 35
\BOOKMARK [1][-]{section.3.2}{\376\377\000A\000r\000c\000h\000i\000t\000e\000k\000t\000u\000r\000-\000\334\000b\000e\000r\000b\000l\000i\000c\000k}{chapter.3}% 36
\BOOKMARK [1][-]{section.3.3}{\376\377\000S\000c\000a\000l\000e\000d\000\040\000D\000o\000t\000-\000P\000r\000o\000d\000u\000c\000t\000\040\000A\000t\000t\000e\000n\000t\000i\000o\000n}{chapter.3}% 37
\BOOKMARK [2][-]{subsection.3.3.1}{\376\377\000M\000a\000t\000h\000e\000m\000a\000t\000i\000s\000c\000h\000e\000\040\000D\000e\000f\000i\000n\000i\000t\000i\000o\000n}{section.3.3}% 38
\BOOKMARK [2][-]{subsection.3.3.2}{\376\377\000I\000n\000t\000u\000i\000t\000i\000v\000e\000\040\000I\000n\000t\000e\000r\000p\000r\000e\000t\000a\000t\000i\000o\000n}{section.3.3}% 39
\BOOKMARK [2][-]{subsection.3.3.3}{\376\377\000C\000o\000m\000p\000u\000t\000a\000t\000i\000o\000n\000a\000l\000\040\000C\000o\000m\000p\000l\000e\000x\000i\000t\000y}{section.3.3}% 40
\BOOKMARK [1][-]{section.3.4}{\376\377\000M\000u\000l\000t\000i\000-\000H\000e\000a\000d\000\040\000A\000t\000t\000e\000n\000t\000i\000o\000n}{chapter.3}% 41
\BOOKMARK [2][-]{subsection.3.4.1}{\376\377\000M\000a\000t\000h\000e\000m\000a\000t\000i\000s\000c\000h\000e\000\040\000F\000o\000r\000m\000u\000l\000i\000e\000r\000u\000n\000g}{section.3.4}% 42
\BOOKMARK [2][-]{subsection.3.4.2}{\376\377\000D\000i\000m\000e\000n\000s\000i\000o\000n\000a\000l\000i\000t\000\344\000t\000\040\000u\000n\000d\000\040\000P\000a\000r\000a\000m\000e\000t\000e\000r}{section.3.4}% 43
\BOOKMARK [2][-]{subsection.3.4.3}{\376\377\000I\000n\000t\000e\000r\000p\000r\000e\000t\000i\000e\000r\000b\000a\000r\000k\000e\000i\000t\000\040\000v\000e\000r\000s\000c\000h\000i\000e\000d\000e\000n\000e\000r\000\040\000K\000\366\000p\000f\000e}{section.3.4}% 44
\BOOKMARK [1][-]{section.3.5}{\376\377\000P\000o\000s\000i\000t\000i\000o\000n\000a\000l\000\040\000E\000n\000c\000o\000d\000i\000n\000g}{chapter.3}% 45
\BOOKMARK [2][-]{subsection.3.5.1}{\376\377\000S\000i\000n\000u\000s\000o\000i\000d\000a\000l\000e\000\040\000P\000o\000s\000i\000t\000i\000o\000n\000a\000l\000\040\000E\000n\000c\000o\000d\000i\000n\000g\000s}{section.3.5}% 46
\BOOKMARK [2][-]{subsection.3.5.2}{\376\377\000E\000i\000g\000e\000n\000s\000c\000h\000a\000f\000t\000e\000n\000\040\000s\000i\000n\000u\000s\000o\000i\000d\000a\000l\000e\000r\000\040\000E\000n\000c\000o\000d\000i\000n\000g\000s}{section.3.5}% 47
\BOOKMARK [2][-]{subsection.3.5.3}{\376\377\000A\000l\000t\000e\000r\000n\000a\000t\000i\000v\000e\000\040\000A\000n\000s\000\344\000t\000z\000e}{section.3.5}% 48
\BOOKMARK [1][-]{section.3.6}{\376\377\000F\000e\000e\000d\000-\000F\000o\000r\000w\000a\000r\000d\000\040\000N\000e\000t\000w\000o\000r\000k\000s}{chapter.3}% 49
\BOOKMARK [2][-]{subsection.3.6.1}{\376\377\000A\000r\000c\000h\000i\000t\000e\000k\000t\000u\000r}{section.3.6}% 50
\BOOKMARK [2][-]{subsection.3.6.2}{\376\377\000F\000u\000n\000k\000t\000i\000o\000n\000\040\000u\000n\000d\000\040\000I\000n\000t\000e\000r\000p\000r\000e\000t\000a\000t\000i\000o\000n}{section.3.6}% 51
\BOOKMARK [1][-]{section.3.7}{\376\377\000R\000e\000s\000i\000d\000u\000a\000l\000\040\000C\000o\000n\000n\000e\000c\000t\000i\000o\000n\000s\000\040\000u\000n\000d\000\040\000L\000a\000y\000e\000r\000\040\000N\000o\000r\000m\000a\000l\000i\000z\000a\000t\000i\000o\000n}{chapter.3}% 52
\BOOKMARK [2][-]{subsection.3.7.1}{\376\377\000R\000e\000s\000i\000d\000u\000a\000l\000\040\000C\000o\000n\000n\000e\000c\000t\000i\000o\000n\000s}{section.3.7}% 53
\BOOKMARK [2][-]{subsection.3.7.2}{\376\377\000L\000a\000y\000e\000r\000\040\000N\000o\000r\000m\000a\000l\000i\000z\000a\000t\000i\000o\000n}{section.3.7}% 54
\BOOKMARK [1][-]{section.3.8}{\376\377\000E\000n\000c\000o\000d\000e\000r\000-\000A\000r\000c\000h\000i\000t\000e\000k\000t\000u\000r}{chapter.3}% 55
\BOOKMARK [2][-]{subsection.3.8.1}{\376\377\000E\000n\000c\000o\000d\000e\000r\000-\000S\000c\000h\000i\000c\000h\000t}{section.3.8}% 56
\BOOKMARK [2][-]{subsection.3.8.2}{\376\377\000M\000a\000s\000k\000i\000n\000g\000\040\000i\000m\000\040\000E\000n\000c\000o\000d\000e\000r}{section.3.8}% 57
\BOOKMARK [1][-]{section.3.9}{\376\377\000D\000e\000c\000o\000d\000e\000r\000-\000A\000r\000c\000h\000i\000t\000e\000k\000t\000u\000r}{chapter.3}% 58
\BOOKMARK [2][-]{subsection.3.9.1}{\376\377\000D\000e\000c\000o\000d\000e\000r\000-\000S\000c\000h\000i\000c\000h\000t}{section.3.9}% 59
\BOOKMARK [2][-]{subsection.3.9.2}{\376\377\000M\000a\000s\000k\000e\000d\000\040\000S\000e\000l\000f\000-\000A\000t\000t\000e\000n\000t\000i\000o\000n}{section.3.9}% 60
\BOOKMARK [2][-]{subsection.3.9.3}{\376\377\000C\000r\000o\000s\000s\000-\000A\000t\000t\000e\000n\000t\000i\000o\000n}{section.3.9}% 61
\BOOKMARK [1][-]{section.3.10}{\376\377\000T\000r\000a\000i\000n\000i\000n\000g\000\040\000u\000n\000d\000\040\000I\000n\000f\000e\000r\000e\000n\000z}{chapter.3}% 62
\BOOKMARK [2][-]{subsection.3.10.1}{\376\377\000T\000r\000a\000i\000n\000i\000n\000g}{section.3.10}% 63
\BOOKMARK [2][-]{subsection.3.10.2}{\376\377\000I\000n\000f\000e\000r\000e\000n\000z}{section.3.10}% 64
\BOOKMARK [1][-]{section.3.11}{\376\377\000K\000o\000m\000p\000l\000e\000x\000i\000t\000\344\000t\000s\000a\000n\000a\000l\000y\000s\000e}{chapter.3}% 65
\BOOKMARK [2][-]{subsection.3.11.1}{\376\377\000Z\000e\000i\000t\000k\000o\000m\000p\000l\000e\000x\000i\000t\000\344\000t}{section.3.11}% 66
\BOOKMARK [2][-]{subsection.3.11.2}{\376\377\000S\000p\000e\000i\000c\000h\000e\000r\000k\000o\000m\000p\000l\000e\000x\000i\000t\000\344\000t}{section.3.11}% 67
\BOOKMARK [1][-]{section.3.12}{\376\377\000V\000o\000r\000t\000e\000i\000l\000e\000\040\000u\000n\000d\000\040\000L\000i\000m\000i\000t\000a\000t\000i\000o\000n\000e\000n}{chapter.3}% 68
\BOOKMARK [2][-]{subsection.3.12.1}{\376\377\000V\000o\000r\000t\000e\000i\000l\000e}{section.3.12}% 69
\BOOKMARK [2][-]{subsection.3.12.2}{\376\377\000L\000i\000m\000i\000t\000a\000t\000i\000o\000n\000e\000n}{section.3.12}% 70
\BOOKMARK [1][-]{section.3.13}{\376\377\000Z\000u\000s\000a\000m\000m\000e\000n\000f\000a\000s\000s\000u\000n\000g}{chapter.3}% 71
\BOOKMARK [0][-]{chapter.4}{\376\377\000T\000r\000a\000n\000s\000f\000o\000r\000m\000e\000r\000-\000V\000a\000r\000i\000a\000n\000t\000e\000n\000\040\000u\000n\000d\000\040\000W\000e\000i\000t\000e\000r\000e\000n\000t\000w\000i\000c\000k\000l\000u\000n\000g\000e\000n}{}% 72
\BOOKMARK [1][-]{section.4.1}{\376\377\000E\000i\000n\000f\000\374\000h\000r\000u\000n\000g}{chapter.4}% 73
\BOOKMARK [1][-]{section.4.2}{\376\377\000B\000E\000R\000T\000:\000\040\000B\000i\000d\000i\000r\000e\000c\000t\000i\000o\000n\000a\000l\000\040\000E\000n\000c\000o\000d\000e\000r\000\040\000R\000e\000p\000r\000e\000s\000e\000n\000t\000a\000t\000i\000o\000n\000s\000\040\000f\000r\000o\000m\000\040\000T\000r\000a\000n\000s\000f\000o\000r\000m\000e\000r\000s}{chapter.4}% 74
\BOOKMARK [2][-]{subsection.4.2.1}{\376\377\000A\000r\000c\000h\000i\000t\000e\000k\000t\000u\000r\000\040\000u\000n\000d\000\040\000D\000e\000s\000i\000g\000n\000-\000P\000r\000i\000n\000z\000i\000p\000i\000e\000n}{section.4.2}% 75
\BOOKMARK [2][-]{subsection.4.2.2}{\376\377\000P\000r\000e\000-\000T\000r\000a\000i\000n\000i\000n\000g\000\040\000S\000t\000r\000a\000t\000e\000g\000i\000e\000n}{section.4.2}% 76
\BOOKMARK [2][-]{subsection.4.2.3}{\376\377\000F\000i\000n\000e\000-\000T\000u\000n\000i\000n\000g\000\040\000u\000n\000d\000\040\000D\000o\000w\000n\000s\000t\000r\000e\000a\000m\000-\000A\000u\000f\000g\000a\000b\000e\000n}{section.4.2}% 77
\BOOKMARK [1][-]{section.4.3}{\376\377\000G\000P\000T\000:\000\040\000G\000e\000n\000e\000r\000a\000t\000i\000v\000e\000\040\000P\000r\000e\000-\000t\000r\000a\000i\000n\000e\000d\000\040\000T\000r\000a\000n\000s\000f\000o\000r\000m\000e\000r}{chapter.4}% 78
\BOOKMARK [2][-]{subsection.4.3.1}{\376\377\000A\000u\000t\000o\000r\000e\000g\000r\000e\000s\000s\000i\000v\000e\000\040\000S\000p\000r\000a\000c\000h\000m\000o\000d\000e\000l\000l\000i\000e\000r\000u\000n\000g}{section.4.3}% 79
\BOOKMARK [2][-]{subsection.4.3.2}{\376\377\000E\000n\000t\000w\000i\000c\000k\000l\000u\000n\000g\000\040\000d\000e\000r\000\040\000G\000P\000T\000-\000F\000a\000m\000i\000l\000i\000e}{section.4.3}% 80
\BOOKMARK [2][-]{subsection.4.3.3}{\376\377\000I\000n\000-\000C\000o\000n\000t\000e\000x\000t\000\040\000L\000e\000a\000r\000n\000i\000n\000g}{section.4.3}% 81
\BOOKMARK [1][-]{section.4.4}{\376\377\000T\0005\000:\000\040\000T\000e\000x\000t\000-\000t\000o\000-\000T\000e\000x\000t\000\040\000T\000r\000a\000n\000s\000f\000e\000r\000\040\000T\000r\000a\000n\000s\000f\000o\000r\000m\000e\000r}{chapter.4}% 82
\BOOKMARK [2][-]{subsection.4.4.1}{\376\377\000T\000e\000x\000t\000-\000z\000u\000-\000T\000e\000x\000t\000-\000P\000a\000r\000a\000d\000i\000g\000m\000a}{section.4.4}% 83
\BOOKMARK [2][-]{subsection.4.4.2}{\376\377\000A\000r\000c\000h\000i\000t\000e\000c\000t\000u\000r\000a\000l\000\040\000I\000n\000n\000o\000v\000a\000t\000i\000o\000n\000s}{section.4.4}% 84
\BOOKMARK [1][-]{section.4.5}{\376\377\000O\000p\000t\000i\000m\000i\000e\000r\000u\000n\000g\000e\000n\000\040\000f\000\374\000r\000\040\000E\000f\000f\000i\000z\000i\000e\000n\000z}{chapter.4}% 85
\BOOKMARK [2][-]{subsection.4.5.1}{\376\377\000L\000i\000n\000f\000o\000r\000m\000e\000r}{section.4.5}% 86
\BOOKMARK [2][-]{subsection.4.5.2}{\376\377\000P\000e\000r\000f\000o\000r\000m\000e\000r}{section.4.5}% 87
\BOOKMARK [2][-]{subsection.4.5.3}{\376\377\000S\000p\000a\000r\000s\000e\000\040\000A\000t\000t\000e\000n\000t\000i\000o\000n\000\040\000P\000a\000t\000t\000e\000r\000n\000s}{section.4.5}% 88
\BOOKMARK [1][-]{section.4.6}{\376\377\000S\000p\000e\000z\000i\000a\000l\000i\000s\000i\000e\000r\000t\000e\000\040\000T\000r\000a\000n\000s\000f\000o\000r\000m\000e\000r}{chapter.4}% 89
\BOOKMARK [2][-]{subsection.4.6.1}{\376\377\000V\000i\000s\000i\000o\000n\000\040\000T\000r\000a\000n\000s\000f\000o\000r\000m\000e\000r\000\040\000\050\000V\000i\000T\000\051}{section.4.6}% 90
\BOOKMARK [2][-]{subsection.4.6.2}{\376\377\000D\000E\000T\000R\000:\000\040\000D\000e\000t\000e\000c\000t\000i\000o\000n\000\040\000T\000r\000a\000n\000s\000f\000o\000r\000m\000e\000r}{section.4.6}% 91
\BOOKMARK [2][-]{subsection.4.6.3}{\376\377\000S\000w\000i\000t\000c\000h\000\040\000T\000r\000a\000n\000s\000f\000o\000r\000m\000e\000r}{section.4.6}% 92
\BOOKMARK [1][-]{section.4.7}{\376\377\000T\000r\000a\000i\000n\000i\000n\000g\000-\000O\000p\000t\000i\000m\000i\000e\000r\000u\000n\000g\000e\000n}{chapter.4}% 93
\BOOKMARK [2][-]{subsection.4.7.1}{\376\377\000M\000i\000x\000e\000d\000\040\000P\000r\000e\000c\000i\000s\000i\000o\000n\000\040\000T\000r\000a\000i\000n\000i\000n\000g}{section.4.7}% 94
\BOOKMARK [2][-]{subsection.4.7.2}{\376\377\000G\000r\000a\000d\000i\000e\000n\000t\000\040\000C\000h\000e\000c\000k\000p\000o\000i\000n\000t\000i\000n\000g}{section.4.7}% 95
\BOOKMARK [2][-]{subsection.4.7.3}{\376\377\000D\000e\000e\000p\000S\000p\000e\000e\000d\000\040\000u\000n\000d\000\040\000M\000o\000d\000e\000l\000\040\000P\000a\000r\000a\000l\000l\000e\000l\000i\000s\000m}{section.4.7}% 96
\BOOKMARK [1][-]{section.4.8}{\376\377\000E\000v\000a\000l\000u\000a\000t\000i\000o\000n\000\040\000u\000n\000d\000\040\000M\000e\000t\000r\000i\000k\000e\000n}{chapter.4}% 97
\BOOKMARK [2][-]{subsection.4.8.1}{\376\377\000I\000n\000t\000r\000i\000n\000s\000i\000c\000\040\000E\000v\000a\000l\000u\000a\000t\000i\000o\000n}{section.4.8}% 98
\BOOKMARK [2][-]{subsection.4.8.2}{\376\377\000D\000o\000w\000n\000s\000t\000r\000e\000a\000m\000\040\000T\000a\000s\000k\000\040\000P\000e\000r\000f\000o\000r\000m\000a\000n\000c\000e}{section.4.8}% 99
\BOOKMARK [1][-]{section.4.9}{\376\377\000S\000k\000a\000l\000i\000e\000r\000u\000n\000g\000s\000g\000e\000s\000e\000t\000z\000e}{chapter.4}% 100
\BOOKMARK [2][-]{subsection.4.9.1}{\376\377\000S\000c\000a\000l\000i\000n\000g\000\040\000L\000a\000w\000s}{section.4.9}% 101
\BOOKMARK [2][-]{subsection.4.9.2}{\376\377\000E\000m\000e\000r\000g\000e\000n\000t\000e\000\040\000F\000\344\000h\000i\000g\000k\000e\000i\000t\000e\000n}{section.4.9}% 102
\BOOKMARK [1][-]{section.4.10}{\376\377\000A\000k\000t\000u\000e\000l\000l\000e\000\040\000E\000n\000t\000w\000i\000c\000k\000l\000u\000n\000g\000e\000n}{chapter.4}% 103
\BOOKMARK [2][-]{subsection.4.10.1}{\376\377\000C\000h\000a\000t\000G\000P\000T\000\040\000u\000n\000d\000\040\000I\000n\000s\000t\000r\000u\000c\000t\000G\000P\000T}{section.4.10}% 104
\BOOKMARK [2][-]{subsection.4.10.2}{\376\377\000P\000a\000L\000M\000,\000\040\000C\000h\000i\000n\000c\000h\000i\000l\000l\000a\000,\000\040\000u\000n\000d\000\040\000G\000o\000p\000h\000e\000r}{section.4.10}% 105
\BOOKMARK [1][-]{section.4.11}{\376\377\000H\000e\000r\000a\000u\000s\000f\000o\000r\000d\000e\000r\000u\000n\000g\000e\000n\000\040\000u\000n\000d\000\040\000L\000i\000m\000i\000t\000a\000t\000i\000o\000n\000e\000n}{chapter.4}% 106
\BOOKMARK [2][-]{subsection.4.11.1}{\376\377\000C\000o\000m\000p\000u\000t\000a\000t\000i\000o\000n\000a\000l\000\040\000R\000e\000q\000u\000i\000r\000e\000m\000e\000n\000t\000s}{section.4.11}% 107
\BOOKMARK [2][-]{subsection.4.11.2}{\376\377\000E\000n\000v\000i\000r\000o\000n\000m\000e\000n\000t\000a\000l\000\040\000I\000m\000p\000a\000c\000t}{section.4.11}% 108
\BOOKMARK [2][-]{subsection.4.11.3}{\376\377\000B\000i\000a\000s\000\040\000u\000n\000d\000\040\000F\000a\000i\000r\000n\000e\000s\000s}{section.4.11}% 109
\BOOKMARK [1][-]{section.4.12}{\376\377\000Z\000u\000k\000\374\000n\000f\000t\000i\000g\000e\000\040\000F\000o\000r\000s\000c\000h\000u\000n\000g\000s\000r\000i\000c\000h\000t\000u\000n\000g\000e\000n}{chapter.4}% 110
\BOOKMARK [2][-]{subsection.4.12.1}{\376\377\000M\000u\000l\000t\000i\000m\000o\000d\000a\000l\000e\000\040\000T\000r\000a\000n\000s\000f\000o\000r\000m\000e\000r}{section.4.12}% 111
\BOOKMARK [2][-]{subsection.4.12.2}{\376\377\000E\000f\000f\000i\000c\000i\000e\000n\000t\000\040\000A\000r\000c\000h\000i\000t\000e\000c\000t\000u\000r\000e\000s}{section.4.12}% 112
\BOOKMARK [2][-]{subsection.4.12.3}{\376\377\000R\000e\000a\000s\000o\000n\000i\000n\000g\000\040\000u\000n\000d\000\040\000P\000l\000a\000n\000n\000i\000n\000g}{section.4.12}% 113
\BOOKMARK [1][-]{section.4.13}{\376\377\000Z\000u\000s\000a\000m\000m\000e\000n\000f\000a\000s\000s\000u\000n\000g}{chapter.4}% 114
\BOOKMARK [0][-]{chapter.5}{\376\377\000P\000r\000a\000k\000t\000i\000s\000c\000h\000e\000\040\000I\000m\000p\000l\000e\000m\000e\000n\000t\000i\000e\000r\000u\000n\000g}{}% 115
\BOOKMARK [1][-]{section.5.1}{\376\377\000\334\000b\000e\000r\000b\000l\000i\000c\000k\000\040\000u\000n\000d\000\040\000Z\000i\000e\000l\000s\000e\000t\000z\000u\000n\000g}{chapter.5}% 116
\BOOKMARK [1][-]{section.5.2}{\376\377\000S\000y\000s\000t\000e\000m\000a\000r\000c\000h\000i\000t\000e\000k\000t\000u\000r\000\040\000u\000n\000d\000\040\000D\000e\000s\000i\000g\000n\000-\000E\000n\000t\000s\000c\000h\000e\000i\000d\000u\000n\000g\000e\000n}{chapter.5}% 117
\BOOKMARK [2][-]{subsection.5.2.1}{\376\377\000M\000o\000d\000u\000l\000a\000r\000e\000\040\000S\000t\000r\000u\000k\000t\000u\000r}{section.5.2}% 118
\BOOKMARK [2][-]{subsection.5.2.2}{\376\377\000D\000e\000s\000i\000g\000n\000-\000P\000r\000i\000n\000z\000i\000p\000i\000e\000n}{section.5.2}% 119
\BOOKMARK [1][-]{section.5.3}{\376\377\000I\000m\000p\000l\000e\000m\000e\000n\000t\000i\000e\000r\000u\000n\000g\000\040\000d\000e\000r\000\040\000A\000t\000t\000e\000n\000t\000i\000o\000n\000-\000M\000e\000c\000h\000a\000n\000i\000s\000m\000e\000n}{chapter.5}% 120
\BOOKMARK [2][-]{subsection.5.3.1}{\376\377\000S\000c\000a\000l\000e\000d\000\040\000D\000o\000t\000-\000P\000r\000o\000d\000u\000c\000t\000\040\000A\000t\000t\000e\000n\000t\000i\000o\000n}{section.5.3}% 121
\BOOKMARK [2][-]{subsection.5.3.2}{\376\377\000M\000u\000l\000t\000i\000-\000H\000e\000a\000d\000\040\000A\000t\000t\000e\000n\000t\000i\000o\000n}{section.5.3}% 122
\BOOKMARK [1][-]{section.5.4}{\376\377\000P\000o\000s\000i\000t\000i\000o\000n\000a\000l\000\040\000E\000n\000c\000o\000d\000i\000n\000g}{chapter.5}% 123
\BOOKMARK [1][-]{section.5.5}{\376\377\000F\000e\000e\000d\000-\000F\000o\000r\000w\000a\000r\000d\000\040\000N\000e\000t\000z\000w\000e\000r\000k\000e}{chapter.5}% 124
\BOOKMARK [1][-]{section.5.6}{\376\377\000E\000n\000c\000o\000d\000e\000r\000\040\000u\000n\000d\000\040\000D\000e\000c\000o\000d\000e\000r\000\040\000I\000m\000p\000l\000e\000m\000e\000n\000t\000i\000e\000r\000u\000n\000g}{chapter.5}% 125
\BOOKMARK [2][-]{subsection.5.6.1}{\376\377\000E\000n\000c\000o\000d\000e\000r\000\040\000L\000a\000y\000e\000r}{section.5.6}% 126
\BOOKMARK [2][-]{subsection.5.6.2}{\376\377\000D\000e\000c\000o\000d\000e\000r\000\040\000L\000a\000y\000e\000r}{section.5.6}% 127
\BOOKMARK [1][-]{section.5.7}{\376\377\000L\000a\000n\000g\000u\000a\000g\000e\000\040\000M\000o\000d\000e\000l\000\040\000I\000m\000p\000l\000e\000m\000e\000n\000t\000i\000e\000r\000u\000n\000g}{chapter.5}% 128
\BOOKMARK [2][-]{subsection.5.7.1}{\376\377\000A\000r\000c\000h\000i\000t\000e\000k\000t\000u\000r\000-\000S\000p\000e\000z\000i\000f\000i\000k\000a\000t\000i\000o\000n\000e\000n}{section.5.7}% 129
\BOOKMARK [2][-]{subsection.5.7.2}{\376\377\000A\000u\000t\000o\000r\000e\000g\000r\000e\000s\000s\000i\000v\000e\000\040\000G\000e\000n\000e\000r\000i\000e\000r\000u\000n\000g}{section.5.7}% 130
\BOOKMARK [1][-]{section.5.8}{\376\377\000T\000o\000k\000e\000n\000i\000z\000e\000r\000\040\000I\000m\000p\000l\000e\000m\000e\000n\000t\000i\000e\000r\000u\000n\000g}{chapter.5}% 131
\BOOKMARK [2][-]{subsection.5.8.1}{\376\377\000E\000i\000n\000f\000a\000c\000h\000e\000r\000\040\000W\000o\000r\000t\000-\000b\000a\000s\000i\000e\000r\000t\000e\000r\000\040\000T\000o\000k\000e\000n\000i\000z\000e\000r}{section.5.8}% 132
\BOOKMARK [1][-]{section.5.9}{\376\377\000T\000r\000a\000i\000n\000i\000n\000g\000\040\000I\000n\000f\000r\000a\000s\000t\000r\000u\000c\000t\000u\000r\000e}{chapter.5}% 133
\BOOKMARK [2][-]{subsection.5.9.1}{\376\377\000T\000r\000a\000i\000n\000i\000n\000g\000\040\000L\000o\000o\000p}{section.5.9}% 134
\BOOKMARK [2][-]{subsection.5.9.2}{\376\377\000O\000p\000t\000i\000m\000i\000e\000r\000u\000n\000g\000s\000s\000t\000r\000a\000t\000e\000g\000i\000e\000n}{section.5.9}% 135
\BOOKMARK [1][-]{section.5.10}{\376\377\000M\000o\000d\000e\000l\000l\000-\000K\000o\000n\000f\000i\000g\000u\000r\000a\000t\000i\000o\000n\000e\000n}{chapter.5}% 136
\BOOKMARK [2][-]{subsection.5.10.1}{\376\377\000E\000x\000p\000e\000r\000i\000m\000e\000n\000t\000e\000l\000l\000e\000\040\000K\000o\000n\000f\000i\000g\000u\000r\000a\000t\000i\000o\000n\000e\000n}{section.5.10}% 137
\BOOKMARK [1][-]{section.5.11}{\376\377\000E\000v\000a\000l\000u\000i\000e\000r\000u\000n\000g\000\040\000u\000n\000d\000\040\000M\000e\000t\000r\000i\000k\000e\000n}{chapter.5}% 138
\BOOKMARK [2][-]{subsection.5.11.1}{\376\377\000I\000m\000p\000l\000e\000m\000e\000n\000t\000i\000e\000r\000t\000e\000\040\000M\000e\000t\000r\000i\000k\000e\000n}{section.5.11}% 139
\BOOKMARK [2][-]{subsection.5.11.2}{\376\377\000M\000o\000n\000i\000t\000o\000r\000i\000n\000g\000\040\000u\000n\000d\000\040\000L\000o\000g\000g\000i\000n\000g}{section.5.11}% 140
\BOOKMARK [1][-]{section.5.12}{\376\377\000O\000p\000t\000i\000m\000i\000e\000r\000u\000n\000g\000e\000n\000\040\000u\000n\000d\000\040\000P\000e\000r\000f\000o\000r\000m\000a\000n\000c\000e}{chapter.5}% 141
\BOOKMARK [2][-]{subsection.5.12.1}{\376\377\000S\000p\000e\000i\000c\000h\000e\000r\000-\000O\000p\000t\000i\000m\000i\000e\000r\000u\000n\000g\000e\000n}{section.5.12}% 142
\BOOKMARK [2][-]{subsection.5.12.2}{\376\377\000C\000o\000m\000p\000u\000t\000a\000t\000i\000o\000n\000a\000l\000\040\000O\000p\000t\000i\000m\000i\000z\000a\000t\000i\000o\000n\000s}{section.5.12}% 143
\BOOKMARK [1][-]{section.5.13}{\376\377\000C\000o\000d\000e\000-\000Q\000u\000a\000l\000i\000t\000\344\000t\000\040\000u\000n\000d\000\040\000T\000e\000s\000t\000i\000n\000g}{chapter.5}% 144
\BOOKMARK [2][-]{subsection.5.13.1}{\376\377\000D\000o\000k\000u\000m\000e\000n\000t\000a\000t\000i\000o\000n}{section.5.13}% 145
\BOOKMARK [2][-]{subsection.5.13.2}{\376\377\000M\000o\000d\000u\000l\000a\000r\000i\000t\000\344\000t\000\040\000u\000n\000d\000\040\000E\000r\000w\000e\000i\000t\000e\000r\000b\000a\000r\000k\000e\000i\000t}{section.5.13}% 146
\BOOKMARK [1][-]{section.5.14}{\376\377\000H\000e\000r\000a\000u\000s\000f\000o\000r\000d\000e\000r\000u\000n\000g\000e\000n\000\040\000u\000n\000d\000\040\000L\000\366\000s\000u\000n\000g\000s\000a\000n\000s\000\344\000t\000z\000e}{chapter.5}% 147
\BOOKMARK [2][-]{subsection.5.14.1}{\376\377\000I\000m\000p\000l\000e\000m\000e\000n\000t\000i\000e\000r\000u\000n\000g\000s\000-\000H\000e\000r\000a\000u\000s\000f\000o\000r\000d\000e\000r\000u\000n\000g\000e\000n}{section.5.14}% 148
\BOOKMARK [2][-]{subsection.5.14.2}{\376\377\000P\000e\000r\000f\000o\000r\000m\000a\000n\000c\000e\000-\000O\000p\000t\000i\000m\000i\000e\000r\000u\000n\000g\000e\000n}{section.5.14}% 149
\BOOKMARK [1][-]{section.5.15}{\376\377\000R\000e\000p\000r\000o\000d\000u\000z\000i\000e\000r\000b\000a\000r\000k\000e\000i\000t}{chapter.5}% 150
\BOOKMARK [1][-]{section.5.16}{\376\377\000Z\000u\000s\000a\000m\000m\000e\000n\000f\000a\000s\000s\000u\000n\000g}{chapter.5}% 151
\BOOKMARK [0][-]{chapter.6}{\376\377\000E\000x\000p\000e\000r\000i\000m\000e\000n\000t\000e\000\040\000u\000n\000d\000\040\000E\000r\000g\000e\000b\000n\000i\000s\000s\000e}{}% 152
\BOOKMARK [1][-]{section.6.1}{\376\377\000E\000x\000p\000e\000r\000i\000m\000e\000n\000t\000e\000l\000l\000e\000s\000\040\000S\000e\000t\000u\000p}{chapter.6}% 153
\BOOKMARK [2][-]{subsection.6.1.1}{\376\377\000H\000a\000r\000d\000w\000a\000r\000e\000\040\000u\000n\000d\000\040\000S\000o\000f\000t\000w\000a\000r\000e\000-\000U\000m\000g\000e\000b\000u\000n\000g}{section.6.1}% 154
\BOOKMARK [2][-]{subsection.6.1.2}{\376\377\000D\000a\000t\000e\000n\000s\000a\000t\000z\000-\000V\000o\000r\000b\000e\000r\000e\000i\000t\000u\000n\000g}{section.6.1}% 155
\BOOKMARK [1][-]{section.6.2}{\376\377\000M\000o\000d\000e\000l\000l\000-\000K\000o\000n\000f\000i\000g\000u\000r\000a\000t\000i\000o\000n\000e\000n}{chapter.6}% 156
\BOOKMARK [1][-]{section.6.3}{\376\377\000T\000r\000a\000i\000n\000i\000n\000g\000-\000P\000r\000o\000z\000e\000d\000u\000r}{chapter.6}% 157
\BOOKMARK [2][-]{subsection.6.3.1}{\376\377\000H\000y\000p\000e\000r\000p\000a\000r\000a\000m\000e\000t\000e\000r}{section.6.3}% 158
\BOOKMARK [2][-]{subsection.6.3.2}{\376\377\000T\000r\000a\000i\000n\000i\000n\000g\000-\000S\000t\000r\000a\000t\000e\000g\000i\000e}{section.6.3}% 159
\BOOKMARK [1][-]{section.6.4}{\376\377\000Q\000u\000a\000n\000t\000i\000t\000a\000t\000i\000v\000e\000\040\000E\000r\000g\000e\000b\000n\000i\000s\000s\000e}{chapter.6}% 160
\BOOKMARK [2][-]{subsection.6.4.1}{\376\377\000T\000r\000a\000i\000n\000i\000n\000g\000-\000V\000e\000r\000l\000a\000u\000f}{section.6.4}% 161
\BOOKMARK [2][-]{subsection.6.4.2}{\376\377\000P\000e\000r\000p\000l\000e\000x\000i\000t\000y\000-\000E\000r\000g\000e\000b\000n\000i\000s\000s\000e}{section.6.4}% 162
\BOOKMARK [2][-]{subsection.6.4.3}{\376\377\000S\000k\000a\000l\000i\000e\000r\000u\000n\000g\000s\000v\000e\000r\000h\000a\000l\000t\000e\000n}{section.6.4}% 163
\BOOKMARK [1][-]{section.6.5}{\376\377\000Q\000u\000a\000l\000i\000t\000a\000t\000i\000v\000e\000\040\000E\000v\000a\000l\000u\000i\000e\000r\000u\000n\000g}{chapter.6}% 164
\BOOKMARK [2][-]{subsection.6.5.1}{\376\377\000T\000e\000x\000t\000g\000e\000n\000e\000r\000i\000e\000r\000u\000n\000g}{section.6.5}% 165
\BOOKMARK [2][-]{subsection.6.5.2}{\376\377\000A\000t\000t\000e\000n\000t\000i\000o\000n\000-\000V\000i\000s\000u\000a\000l\000i\000s\000i\000e\000r\000u\000n\000g}{section.6.5}% 166
\BOOKMARK [1][-]{section.6.6}{\376\377\000A\000b\000l\000a\000t\000i\000o\000n\000\040\000S\000t\000u\000d\000i\000e\000s}{chapter.6}% 167
\BOOKMARK [2][-]{subsection.6.6.1}{\376\377\000E\000i\000n\000f\000l\000u\000s\000s\000\040\000d\000e\000r\000\040\000A\000n\000z\000a\000h\000l\000\040\000A\000t\000t\000e\000n\000t\000i\000o\000n\000-\000K\000\366\000p\000f\000e}{section.6.6}% 168
\BOOKMARK [2][-]{subsection.6.6.2}{\376\377\000E\000i\000n\000f\000l\000u\000s\000s\000\040\000d\000e\000r\000\040\000S\000c\000h\000i\000c\000h\000t\000t\000i\000e\000f\000e}{section.6.6}% 169
\BOOKMARK [2][-]{subsection.6.6.3}{\376\377\000P\000o\000s\000i\000t\000i\000o\000n\000a\000l\000\040\000E\000n\000c\000o\000d\000i\000n\000g\000\040\000V\000a\000r\000i\000a\000n\000t\000e\000n}{section.6.6}% 170
\BOOKMARK [1][-]{section.6.7}{\376\377\000P\000e\000r\000f\000o\000r\000m\000a\000n\000c\000e\000-\000A\000n\000a\000l\000y\000s\000e}{chapter.6}% 171
\BOOKMARK [2][-]{subsection.6.7.1}{\376\377\000C\000o\000m\000p\000u\000t\000a\000t\000i\000o\000n\000a\000l\000\040\000E\000f\000f\000i\000c\000i\000e\000n\000c\000y}{section.6.7}% 172
\BOOKMARK [2][-]{subsection.6.7.2}{\376\377\000M\000e\000m\000o\000r\000y\000\040\000S\000c\000a\000l\000i\000n\000g}{section.6.7}% 173
\BOOKMARK [1][-]{section.6.8}{\376\377\000V\000e\000r\000g\000l\000e\000i\000c\000h\000\040\000m\000i\000t\000\040\000B\000a\000s\000e\000l\000i\000n\000e\000-\000M\000o\000d\000e\000l\000l\000e\000n}{chapter.6}% 174
\BOOKMARK [2][-]{subsection.6.8.1}{\376\377\000L\000S\000T\000M\000\040\000B\000a\000s\000e\000l\000i\000n\000e}{section.6.8}% 175
\BOOKMARK [2][-]{subsection.6.8.2}{\376\377\000N\000-\000G\000r\000a\000m\000\040\000M\000o\000d\000e\000l\000l\000e}{section.6.8}% 176
\BOOKMARK [1][-]{section.6.9}{\376\377\000G\000e\000n\000e\000r\000a\000l\000i\000s\000i\000e\000r\000u\000n\000g\000\040\000u\000n\000d\000\040\000R\000o\000b\000u\000s\000t\000h\000e\000i\000t}{chapter.6}% 177
\BOOKMARK [2][-]{subsection.6.9.1}{\376\377\000O\000u\000t\000-\000o\000f\000-\000D\000o\000m\000a\000i\000n\000\040\000E\000v\000a\000l\000u\000i\000e\000r\000u\000n\000g}{section.6.9}% 178
\BOOKMARK [2][-]{subsection.6.9.2}{\376\377\000L\000\344\000n\000g\000e\000n\000-\000G\000e\000n\000e\000r\000a\000l\000i\000s\000i\000e\000r\000u\000n\000g}{section.6.9}% 179
\BOOKMARK [1][-]{section.6.10}{\376\377\000F\000e\000h\000l\000e\000r\000a\000n\000a\000l\000y\000s\000e}{chapter.6}% 180
\BOOKMARK [2][-]{subsection.6.10.1}{\376\377\000H\000\344\000u\000f\000i\000g\000e\000\040\000F\000e\000h\000l\000e\000r\000t\000y\000p\000e\000n}{section.6.10}% 181
\BOOKMARK [2][-]{subsection.6.10.2}{\376\377\000A\000t\000t\000e\000n\000t\000i\000o\000n\000-\000A\000n\000a\000l\000y\000s\000e}{section.6.10}% 182
\BOOKMARK [1][-]{section.6.11}{\376\377\000C\000o\000m\000p\000u\000t\000a\000t\000i\000o\000n\000a\000l\000\040\000C\000o\000n\000s\000t\000r\000a\000i\000n\000t\000s}{chapter.6}% 183
\BOOKMARK [2][-]{subsection.6.11.1}{\376\377\000H\000a\000r\000d\000w\000a\000r\000e\000-\000L\000i\000m\000i\000t\000a\000t\000i\000o\000n\000e\000n}{section.6.11}% 184
\BOOKMARK [2][-]{subsection.6.11.2}{\376\377\000S\000k\000a\000l\000i\000e\000r\000u\000n\000g\000s\000-\000E\000x\000t\000r\000a\000p\000o\000l\000a\000t\000i\000o\000n}{section.6.11}% 185
\BOOKMARK [1][-]{section.6.12}{\376\377\000R\000e\000p\000r\000o\000d\000u\000z\000i\000e\000r\000b\000a\000r\000k\000e\000i\000t}{chapter.6}% 186
\BOOKMARK [2][-]{subsection.6.12.1}{\376\377\000S\000e\000e\000d\000-\000K\000o\000n\000t\000r\000o\000l\000l\000e}{section.6.12}% 187
\BOOKMARK [2][-]{subsection.6.12.2}{\376\377\000V\000a\000r\000i\000a\000b\000i\000l\000i\000t\000\344\000t}{section.6.12}% 188
\BOOKMARK [1][-]{section.6.13}{\376\377\000Z\000u\000s\000a\000m\000m\000e\000n\000f\000a\000s\000s\000u\000n\000g\000\040\000d\000e\000r\000\040\000E\000r\000g\000e\000b\000n\000i\000s\000s\000e}{chapter.6}% 189
\BOOKMARK [0][-]{chapter.7}{\376\377\000D\000i\000s\000k\000u\000s\000s\000i\000o\000n}{}% 190
\BOOKMARK [1][-]{section.7.1}{\376\377\000I\000n\000t\000e\000r\000p\000r\000e\000t\000a\000t\000i\000o\000n\000\040\000d\000e\000r\000\040\000E\000r\000g\000e\000b\000n\000i\000s\000s\000e}{chapter.7}% 191
\BOOKMARK [2][-]{subsection.7.1.1}{\376\377\000S\000k\000a\000l\000i\000e\000r\000u\000n\000g\000s\000v\000e\000r\000h\000a\000l\000t\000e\000n}{section.7.1}% 192
\BOOKMARK [2][-]{subsection.7.1.2}{\376\377\000A\000t\000t\000e\000n\000t\000i\000o\000n\000-\000M\000e\000c\000h\000a\000n\000i\000s\000m\000e\000n\000\040\000i\000n\000\040\000d\000e\000r\000\040\000P\000r\000a\000x\000i\000s}{section.7.1}% 193
\BOOKMARK [2][-]{subsection.7.1.3}{\376\377\000T\000r\000a\000i\000n\000i\000n\000g\000-\000S\000t\000a\000b\000i\000l\000i\000t\000\344\000t\000\040\000u\000n\000d\000\040\000K\000o\000n\000v\000e\000r\000g\000e\000n\000z}{section.7.1}% 194
\BOOKMARK [1][-]{section.7.2}{\376\377\000V\000e\000r\000g\000l\000e\000i\000c\000h\000\040\000m\000i\000t\000\040\000d\000e\000r\000\040\000L\000i\000t\000e\000r\000a\000t\000u\000r}{chapter.7}% 195
\BOOKMARK [2][-]{subsection.7.2.1}{\376\377\000P\000e\000r\000f\000o\000r\000m\000a\000n\000c\000e\000-\000B\000e\000n\000c\000h\000m\000a\000r\000k\000s}{section.7.2}% 196
\BOOKMARK [2][-]{subsection.7.2.2}{\376\377\000E\000f\000f\000i\000z\000i\000e\000n\000z\000-\000A\000s\000p\000e\000k\000t\000e}{section.7.2}% 197
\BOOKMARK [1][-]{section.7.3}{\376\377\000S\000t\000\344\000r\000k\000e\000n\000\040\000d\000e\000r\000\040\000I\000m\000p\000l\000e\000m\000e\000n\000t\000i\000e\000r\000u\000n\000g}{chapter.7}% 198
\BOOKMARK [2][-]{subsection.7.3.1}{\376\377\000M\000o\000d\000u\000l\000a\000r\000e\000\040\000A\000r\000c\000h\000i\000t\000e\000k\000t\000u\000r}{section.7.3}% 199
\BOOKMARK [2][-]{subsection.7.3.2}{\376\377\000N\000u\000m\000e\000r\000i\000s\000c\000h\000e\000\040\000S\000t\000a\000b\000i\000l\000i\000t\000\344\000t}{section.7.3}% 200
\BOOKMARK [2][-]{subsection.7.3.3}{\376\377\000P\000e\000r\000f\000o\000r\000m\000a\000n\000c\000e\000-\000O\000p\000t\000i\000m\000i\000e\000r\000u\000n\000g\000e\000n}{section.7.3}% 201
\BOOKMARK [1][-]{section.7.4}{\376\377\000L\000i\000m\000i\000t\000a\000t\000i\000o\000n\000e\000n\000\040\000u\000n\000d\000\040\000H\000e\000r\000a\000u\000s\000f\000o\000r\000d\000e\000r\000u\000n\000g\000e\000n}{chapter.7}% 202
\BOOKMARK [2][-]{subsection.7.4.1}{\376\377\000S\000k\000a\000l\000i\000e\000r\000u\000n\000g\000s\000g\000r\000e\000n\000z\000e\000n}{section.7.4}% 203
\BOOKMARK [2][-]{subsection.7.4.2}{\376\377\000D\000a\000t\000e\000n\000s\000a\000t\000z\000-\000L\000i\000m\000i\000t\000a\000t\000i\000o\000n\000e\000n}{section.7.4}% 204
\BOOKMARK [2][-]{subsection.7.4.3}{\376\377\000E\000v\000a\000l\000u\000i\000e\000r\000u\000n\000g\000s\000-\000L\000i\000m\000i\000t\000a\000t\000i\000o\000n\000e\000n}{section.7.4}% 205
\BOOKMARK [1][-]{section.7.5}{\376\377\000T\000e\000c\000h\000n\000i\000s\000c\000h\000e\000\040\000H\000e\000r\000a\000u\000s\000f\000o\000r\000d\000e\000r\000u\000n\000g\000e\000n}{chapter.7}% 206
\BOOKMARK [2][-]{subsection.7.5.1}{\376\377\000M\000e\000m\000o\000r\000y\000\040\000M\000a\000n\000a\000g\000e\000m\000e\000n\000t}{section.7.5}% 207
\BOOKMARK [2][-]{subsection.7.5.2}{\376\377\000T\000r\000a\000i\000n\000i\000n\000g\000-\000S\000t\000a\000b\000i\000l\000i\000t\000\344\000t}{section.7.5}% 208
\BOOKMARK [1][-]{section.7.6}{\376\377\000V\000e\000r\000b\000e\000s\000s\000e\000r\000u\000n\000g\000s\000m\000\366\000g\000l\000i\000c\000h\000k\000e\000i\000t\000e\000n}{chapter.7}% 209
\BOOKMARK [2][-]{subsection.7.6.1}{\376\377\000A\000r\000c\000h\000i\000t\000e\000k\000t\000u\000r\000-\000O\000p\000t\000i\000m\000i\000e\000r\000u\000n\000g\000e\000n}{section.7.6}% 210
\BOOKMARK [2][-]{subsection.7.6.2}{\376\377\000T\000r\000a\000i\000n\000i\000n\000g\000-\000O\000p\000t\000i\000m\000i\000e\000r\000u\000n\000g\000e\000n}{section.7.6}% 211
\BOOKMARK [2][-]{subsection.7.6.3}{\376\377\000E\000v\000a\000l\000u\000i\000e\000r\000u\000n\000g\000s\000-\000V\000e\000r\000b\000e\000s\000s\000e\000r\000u\000n\000g\000e\000n}{section.7.6}% 212
\BOOKMARK [1][-]{section.7.7}{\376\377\000E\000r\000k\000e\000n\000n\000t\000n\000i\000s\000s\000e\000\040\000f\000\374\000r\000\040\000d\000i\000e\000\040\000P\000r\000a\000x\000i\000s}{chapter.7}% 213
\BOOKMARK [2][-]{subsection.7.7.1}{\376\377\000D\000e\000s\000i\000g\000n\000-\000P\000r\000i\000n\000z\000i\000p\000i\000e\000n}{section.7.7}% 214
\BOOKMARK [2][-]{subsection.7.7.2}{\376\377\000P\000r\000a\000k\000t\000i\000s\000c\000h\000e\000\040\000E\000m\000p\000f\000e\000h\000l\000u\000n\000g\000e\000n}{section.7.7}% 215
\BOOKMARK [1][-]{section.7.8}{\376\377\000I\000m\000p\000l\000i\000k\000a\000t\000i\000o\000n\000e\000n\000\040\000f\000\374\000r\000\040\000d\000i\000e\000\040\000F\000o\000r\000s\000c\000h\000u\000n\000g}{chapter.7}% 216
\BOOKMARK [2][-]{subsection.7.8.1}{\376\377\000S\000k\000a\000l\000i\000e\000r\000u\000n\000g\000s\000g\000e\000s\000e\000t\000z\000e}{section.7.8}% 217
\BOOKMARK [2][-]{subsection.7.8.2}{\376\377\000A\000t\000t\000e\000n\000t\000i\000o\000n\000-\000M\000e\000c\000h\000a\000n\000i\000s\000m\000e\000n}{section.7.8}% 218
\BOOKMARK [1][-]{section.7.9}{\376\377\000G\000e\000s\000e\000l\000l\000s\000c\000h\000a\000f\000t\000l\000i\000c\000h\000e\000\040\000u\000n\000d\000\040\000e\000t\000h\000i\000s\000c\000h\000e\000\040\000I\000m\000p\000l\000i\000k\000a\000t\000i\000o\000n\000e\000n}{chapter.7}% 219
\BOOKMARK [2][-]{subsection.7.9.1}{\376\377\000Z\000u\000g\000\344\000n\000g\000l\000i\000c\000h\000k\000e\000i\000t}{section.7.9}% 220
\BOOKMARK [2][-]{subsection.7.9.2}{\376\377\000V\000e\000r\000a\000n\000t\000w\000o\000r\000t\000u\000n\000g}{section.7.9}% 221
\BOOKMARK [1][-]{section.7.10}{\376\377\000Z\000u\000k\000\374\000n\000f\000t\000i\000g\000e\000\040\000F\000o\000r\000s\000c\000h\000u\000n\000g\000s\000r\000i\000c\000h\000t\000u\000n\000g\000e\000n}{chapter.7}% 222
\BOOKMARK [2][-]{subsection.7.10.1}{\376\377\000A\000r\000c\000h\000i\000t\000e\000k\000t\000u\000r\000-\000I\000n\000n\000o\000v\000a\000t\000i\000o\000n}{section.7.10}% 223
\BOOKMARK [2][-]{subsection.7.10.2}{\376\377\000T\000r\000a\000i\000n\000i\000n\000g\000-\000M\000e\000t\000h\000o\000d\000i\000k}{section.7.10}% 224
\BOOKMARK [1][-]{section.7.11}{\376\377\000Z\000u\000s\000a\000m\000m\000e\000n\000f\000a\000s\000s\000u\000n\000g\000\040\000d\000e\000r\000\040\000D\000i\000s\000k\000u\000s\000s\000i\000o\000n}{chapter.7}% 225
\BOOKMARK [0][-]{chapter.8}{\376\377\000F\000a\000z\000i\000t\000\040\000u\000n\000d\000\040\000A\000u\000s\000b\000l\000i\000c\000k}{}% 226
\BOOKMARK [1][-]{section.8.1}{\376\377\000Z\000u\000s\000a\000m\000m\000e\000n\000f\000a\000s\000s\000u\000n\000g\000\040\000d\000e\000r\000\040\000A\000r\000b\000e\000i\000t}{chapter.8}% 227
\BOOKMARK [2][-]{subsection.8.1.1}{\376\377\000E\000r\000r\000e\000i\000c\000h\000t\000e\000\040\000Z\000i\000e\000l\000e}{section.8.1}% 228
\BOOKMARK [1][-]{section.8.2}{\376\377\000W\000i\000c\000h\000t\000i\000g\000s\000t\000e\000\040\000E\000r\000k\000e\000n\000n\000t\000n\000i\000s\000s\000e}{chapter.8}% 229
\BOOKMARK [2][-]{subsection.8.2.1}{\376\377\000T\000h\000e\000o\000r\000e\000t\000i\000s\000c\000h\000e\000\040\000E\000i\000n\000s\000i\000c\000h\000t\000e\000n}{section.8.2}% 230
\BOOKMARK [2][-]{subsection.8.2.2}{\376\377\000P\000r\000a\000k\000t\000i\000s\000c\000h\000e\000\040\000E\000r\000k\000e\000n\000n\000t\000n\000i\000s\000s\000e}{section.8.2}% 231
\BOOKMARK [2][-]{subsection.8.2.3}{\376\377\000L\000i\000m\000i\000t\000a\000t\000i\000o\000n\000e\000n\000\040\000u\000n\000d\000\040\000H\000e\000r\000a\000u\000s\000f\000o\000r\000d\000e\000r\000u\000n\000g\000e\000n}{section.8.2}% 232
\BOOKMARK [1][-]{section.8.3}{\376\377\000B\000e\000i\000t\000r\000a\000g\000\040\000z\000u\000r\000\040\000W\000i\000s\000s\000e\000n\000s\000c\000h\000a\000f\000t}{chapter.8}% 233
\BOOKMARK [2][-]{subsection.8.3.1}{\376\377\000O\000r\000i\000g\000i\000n\000\344\000r\000e\000\040\000B\000e\000i\000t\000r\000\344\000g\000e}{section.8.3}% 234
\BOOKMARK [2][-]{subsection.8.3.2}{\376\377\000M\000e\000t\000h\000o\000d\000i\000s\000c\000h\000e\000\040\000B\000e\000i\000t\000r\000\344\000g\000e}{section.8.3}% 235
\BOOKMARK [1][-]{section.8.4}{\376\377\000I\000m\000p\000l\000i\000k\000a\000t\000i\000o\000n\000e\000n\000\040\000f\000\374\000r\000\040\000d\000i\000e\000\040\000P\000r\000a\000x\000i\000s}{chapter.8}% 236
\BOOKMARK [2][-]{subsection.8.4.1}{\376\377\000F\000\374\000r\000\040\000d\000i\000e\000\040\000A\000u\000s\000b\000i\000l\000d\000u\000n\000g}{section.8.4}% 237
\BOOKMARK [2][-]{subsection.8.4.2}{\376\377\000F\000\374\000r\000\040\000d\000i\000e\000\040\000F\000o\000r\000s\000c\000h\000u\000n\000g}{section.8.4}% 238
\BOOKMARK [2][-]{subsection.8.4.3}{\376\377\000F\000\374\000r\000\040\000d\000i\000e\000\040\000I\000n\000d\000u\000s\000t\000r\000i\000e}{section.8.4}% 239
\BOOKMARK [1][-]{section.8.5}{\376\377\000Z\000u\000k\000\374\000n\000f\000t\000i\000g\000e\000\040\000F\000o\000r\000s\000c\000h\000u\000n\000g\000s\000r\000i\000c\000h\000t\000u\000n\000g\000e\000n}{chapter.8}% 240
\BOOKMARK [2][-]{subsection.8.5.1}{\376\377\000K\000u\000r\000z\000f\000r\000i\000s\000t\000i\000g\000e\000\040\000E\000r\000w\000e\000i\000t\000e\000r\000u\000n\000g\000e\000n}{section.8.5}% 241
\BOOKMARK [2][-]{subsection.8.5.2}{\376\377\000M\000i\000t\000t\000e\000l\000f\000r\000i\000s\000t\000i\000g\000e\000\040\000E\000n\000t\000w\000i\000c\000k\000l\000u\000n\000g\000e\000n}{section.8.5}% 242
\BOOKMARK [2][-]{subsection.8.5.3}{\376\377\000L\000a\000n\000g\000f\000r\000i\000s\000t\000i\000g\000e\000\040\000V\000i\000s\000i\000o\000n\000e\000n}{section.8.5}% 243
\BOOKMARK [1][-]{section.8.6}{\376\377\000M\000e\000t\000h\000o\000d\000i\000s\000c\000h\000e\000\040\000R\000e\000f\000l\000e\000x\000i\000o\000n}{chapter.8}% 244
\BOOKMARK [2][-]{subsection.8.6.1}{\376\377\000S\000t\000\344\000r\000k\000e\000n\000\040\000d\000e\000s\000\040\000g\000e\000w\000\344\000h\000l\000t\000e\000n\000\040\000A\000n\000s\000a\000t\000z\000e\000s}{section.8.6}% 245
\BOOKMARK [2][-]{subsection.8.6.2}{\376\377\000L\000i\000m\000i\000t\000a\000t\000i\000o\000n\000e\000n\000\040\000d\000e\000s\000\040\000A\000n\000s\000a\000t\000z\000e\000s}{section.8.6}% 246
\BOOKMARK [1][-]{section.8.7}{\376\377\000G\000e\000s\000e\000l\000l\000s\000c\000h\000a\000f\000t\000l\000i\000c\000h\000e\000\040\000R\000e\000l\000e\000v\000a\000n\000z}{chapter.8}% 247
\BOOKMARK [2][-]{subsection.8.7.1}{\376\377\000B\000i\000l\000d\000u\000n\000g\000s\000b\000e\000i\000t\000r\000a\000g}{section.8.7}% 248
\BOOKMARK [2][-]{subsection.8.7.2}{\376\377\000T\000e\000c\000h\000n\000o\000l\000o\000g\000i\000s\000c\000h\000e\000\040\000I\000m\000p\000l\000i\000k\000a\000t\000i\000o\000n\000e\000n}{section.8.7}% 249
\BOOKMARK [1][-]{section.8.8}{\376\377\000P\000e\000r\000s\000\366\000n\000l\000i\000c\000h\000e\000\040\000R\000e\000f\000l\000e\000x\000i\000o\000n}{chapter.8}% 250
\BOOKMARK [2][-]{subsection.8.8.1}{\376\377\000L\000e\000r\000n\000p\000r\000o\000z\000e\000s\000s}{section.8.8}% 251
\BOOKMARK [2][-]{subsection.8.8.2}{\376\377\000H\000e\000r\000a\000u\000s\000f\000o\000r\000d\000e\000r\000u\000n\000g\000e\000n\000\040\000u\000n\000d\000\040\000W\000a\000c\000h\000s\000t\000u\000m}{section.8.8}% 252
\BOOKMARK [1][-]{section.8.9}{\376\377\000A\000b\000s\000c\000h\000l\000i\000e\000\337\000e\000n\000d\000e\000\040\000B\000e\000w\000e\000r\000t\000u\000n\000g}{chapter.8}% 253
\BOOKMARK [2][-]{subsection.8.9.1}{\376\377\000Z\000i\000e\000l\000e\000r\000r\000e\000i\000c\000h\000u\000n\000g}{section.8.9}% 254
\BOOKMARK [2][-]{subsection.8.9.2}{\376\377\000N\000a\000c\000h\000h\000a\000l\000t\000i\000g\000e\000r\000\040\000W\000e\000r\000t}{section.8.9}% 255
\BOOKMARK [1][-]{section.8.10}{\376\377\000S\000c\000h\000l\000u\000s\000s\000w\000o\000r\000t}{chapter.8}% 256
\BOOKMARK [0][-]{appendix.A}{\376\377\000C\000o\000d\000e\000-\000D\000o\000k\000u\000m\000e\000n\000t\000a\000t\000i\000o\000n}{}% 257
\BOOKMARK [1][-]{section.A.1}{\376\377\000\334\000b\000e\000r\000b\000l\000i\000c\000k}{appendix.A}% 258
\BOOKMARK [1][-]{section.A.2}{\376\377\000P\000r\000o\000j\000e\000k\000t\000s\000t\000r\000u\000k\000t\000u\000r}{appendix.A}% 259
\BOOKMARK [1][-]{section.A.3}{\376\377\000K\000e\000r\000n\000k\000o\000m\000p\000o\000n\000e\000n\000t\000e\000n}{appendix.A}% 260
\BOOKMARK [2][-]{subsection.A.3.1}{\376\377\000M\000u\000l\000t\000i\000-\000H\000e\000a\000d\000\040\000A\000t\000t\000e\000n\000t\000i\000o\000n}{section.A.3}% 261
\BOOKMARK [2][-]{subsection.A.3.2}{\376\377\000P\000o\000s\000i\000t\000i\000o\000n\000a\000l\000\040\000E\000n\000c\000o\000d\000i\000n\000g}{section.A.3}% 262
\BOOKMARK [2][-]{subsection.A.3.3}{\376\377\000T\000r\000a\000n\000s\000f\000o\000r\000m\000e\000r\000\040\000L\000a\000y\000e\000r}{section.A.3}% 263
\BOOKMARK [1][-]{section.A.4}{\376\377\000T\000r\000a\000i\000n\000i\000n\000g\000\040\000I\000n\000f\000r\000a\000s\000t\000r\000u\000c\000t\000u\000r\000e}{appendix.A}% 264
\BOOKMARK [2][-]{subsection.A.4.1}{\376\377\000T\000r\000a\000i\000n\000e\000r\000\040\000K\000l\000a\000s\000s\000e}{section.A.4}% 265
\BOOKMARK [2][-]{subsection.A.4.2}{\376\377\000O\000p\000t\000i\000m\000i\000e\000r\000u\000n\000g}{section.A.4}% 266
\BOOKMARK [1][-]{section.A.5}{\376\377\000T\000o\000k\000e\000n\000i\000z\000e\000r}{appendix.A}% 267
\BOOKMARK [2][-]{subsection.A.5.1}{\376\377\000E\000i\000n\000f\000a\000c\000h\000e\000r\000\040\000T\000o\000k\000e\000n\000i\000z\000e\000r}{section.A.5}% 268
\BOOKMARK [1][-]{section.A.6}{\376\377\000M\000o\000d\000e\000l\000l\000-\000K\000o\000n\000f\000i\000g\000u\000r\000a\000t\000i\000o\000n}{appendix.A}% 269
\BOOKMARK [2][-]{subsection.A.6.1}{\376\377\000F\000a\000c\000t\000o\000r\000y\000\040\000F\000u\000n\000c\000t\000i\000o\000n\000s}{section.A.6}% 270
\BOOKMARK [1][-]{section.A.7}{\376\377\000B\000e\000i\000s\000p\000i\000e\000l\000-\000S\000c\000r\000i\000p\000t\000s}{appendix.A}% 271
\BOOKMARK [2][-]{subsection.A.7.1}{\376\377\000T\000r\000a\000i\000n\000i\000n\000g\000\040\000S\000c\000r\000i\000p\000t}{section.A.7}% 272
\BOOKMARK [2][-]{subsection.A.7.2}{\376\377\000T\000e\000x\000t\000g\000e\000n\000e\000r\000i\000e\000r\000u\000n\000g}{section.A.7}% 273
\BOOKMARK [1][-]{section.A.8}{\376\377\000T\000e\000s\000t\000i\000n\000g\000\040\000u\000n\000d\000\040\000V\000a\000l\000i\000d\000i\000e\000r\000u\000n\000g}{appendix.A}% 274
\BOOKMARK [2][-]{subsection.A.8.1}{\376\377\000U\000n\000i\000t\000\040\000T\000e\000s\000t\000s}{section.A.8}% 275
\BOOKMARK [1][-]{section.A.9}{\376\377\000P\000e\000r\000f\000o\000r\000m\000a\000n\000c\000e\000\040\000M\000o\000n\000i\000t\000o\000r\000i\000n\000g}{appendix.A}% 276
\BOOKMARK [2][-]{subsection.A.9.1}{\376\377\000M\000e\000t\000r\000i\000k\000e\000n\000\040\000u\000n\000d\000\040\000L\000o\000g\000g\000i\000n\000g}{section.A.9}% 277
\BOOKMARK [1][-]{section.A.10}{\376\377\000K\000o\000n\000f\000i\000g\000u\000r\000a\000t\000i\000o\000n\000\040\000u\000n\000d\000\040\000R\000e\000p\000r\000o\000d\000u\000z\000i\000e\000r\000b\000a\000r\000k\000e\000i\000t}{appendix.A}% 278
\BOOKMARK [2][-]{subsection.A.10.1}{\376\377\000H\000y\000p\000e\000r\000p\000a\000r\000a\000m\000e\000t\000e\000r\000\040\000M\000a\000n\000a\000g\000e\000m\000e\000n\000t}{section.A.10}% 279
\BOOKMARK [1][-]{section.A.11}{\376\377\000Z\000u\000s\000a\000m\000m\000e\000n\000f\000a\000s\000s\000u\000n\000g}{appendix.A}% 280
\BOOKMARK [0][-]{appendix.B}{\376\377\000D\000e\000t\000a\000i\000l\000l\000i\000e\000r\000t\000e\000\040\000E\000x\000p\000e\000r\000i\000m\000e\000n\000t\000e\000l\000l\000e\000\040\000E\000r\000g\000e\000b\000n\000i\000s\000s\000e}{}% 281
\BOOKMARK [1][-]{section.B.1}{\376\377\000V\000o\000l\000l\000s\000t\000\344\000n\000d\000i\000g\000e\000\040\000H\000y\000p\000e\000r\000p\000a\000r\000a\000m\000e\000t\000e\000r\000-\000\334\000b\000e\000r\000s\000i\000c\000h\000t}{appendix.B}% 282
\BOOKMARK [2][-]{subsection.B.1.1}{\376\377\000M\000o\000d\000e\000l\000l\000-\000K\000o\000n\000f\000i\000g\000u\000r\000a\000t\000i\000o\000n\000e\000n}{section.B.1}% 283
\BOOKMARK [2][-]{subsection.B.1.2}{\376\377\000T\000r\000a\000i\000n\000i\000n\000g\000-\000H\000y\000p\000e\000r\000p\000a\000r\000a\000m\000e\000t\000e\000r}{section.B.1}% 284
\BOOKMARK [1][-]{section.B.2}{\376\377\000D\000e\000t\000a\000i\000l\000l\000i\000e\000r\000t\000e\000\040\000P\000e\000r\000f\000o\000r\000m\000a\000n\000c\000e\000-\000M\000e\000t\000r\000i\000k\000e\000n}{appendix.B}% 285
\BOOKMARK [2][-]{subsection.B.2.1}{\376\377\000T\000r\000a\000i\000n\000i\000n\000g\000-\000V\000e\000r\000l\000a\000u\000f}{section.B.2}% 286
\BOOKMARK [2][-]{subsection.B.2.2}{\376\377\000S\000k\000a\000l\000i\000e\000r\000u\000n\000g\000s\000a\000n\000a\000l\000y\000s\000e}{section.B.2}% 287
\BOOKMARK [1][-]{section.B.3}{\376\377\000A\000b\000l\000a\000t\000i\000o\000n\000\040\000S\000t\000u\000d\000y\000\040\000E\000r\000g\000e\000b\000n\000i\000s\000s\000e}{appendix.B}% 288
\BOOKMARK [2][-]{subsection.B.3.1}{\376\377\000A\000n\000z\000a\000h\000l\000\040\000A\000t\000t\000e\000n\000t\000i\000o\000n\000-\000K\000\366\000p\000f\000e}{section.B.3}% 289
\BOOKMARK [2][-]{subsection.B.3.2}{\376\377\000S\000c\000h\000i\000c\000h\000t\000t\000i\000e\000f\000e}{section.B.3}% 290
\BOOKMARK [2][-]{subsection.B.3.3}{\376\377\000M\000o\000d\000e\000l\000l\000-\000D\000i\000m\000e\000n\000s\000i\000o\000n}{section.B.3}% 291
\BOOKMARK [1][-]{section.B.4}{\376\377\000T\000o\000k\000e\000n\000i\000z\000e\000r\000-\000A\000n\000a\000l\000y\000s\000e}{appendix.B}% 292
\BOOKMARK [2][-]{subsection.B.4.1}{\376\377\000V\000o\000k\000a\000b\000u\000l\000a\000r\000-\000S\000t\000a\000t\000i\000s\000t\000i\000k\000e\000n}{section.B.4}% 293
\BOOKMARK [2][-]{subsection.B.6.2}{\376\377\000S\000k\000a\000l\000i\000e\000r\000u\000n\000g\000s\000v\000e\000r\000g\000l\000e\000i\000c\000h}{section.B.6}% 299
\BOOKMARK [1][-]{section.B.7}{\376\377\000H\000y\000p\000e\000r\000p\000a\000r\000a\000m\000e\000t\000e\000r\000-\000S\000e\000n\000s\000i\000t\000i\000v\000i\000t\000\344\000t\000s\000a\000n\000a\000l\000y\000s\000e}{appendix.B}% 300
\BOOKMARK [2][-]{subsection.B.7.1}{\376\377\000L\000e\000a\000r\000n\000i\000n\000g\000\040\000R\000a\000t\000e}{section.B.7}% 301
\BOOKMARK [2][-]{subsection.B.7.2}{\376\377\000B\000a\000t\000c\000h\000\040\000S\000i\000z\000e}{section.B.7}% 302
\BOOKMARK [1][-]{section.B.8}{\376\377\000Z\000u\000s\000a\000m\000m\000e\000n\000f\000a\000s\000s\000u\000n\000g\000\040\000d\000e\000r\000\040\000E\000r\000g\000e\000b\000n\000i\000s\000s\000e}{appendix.B}% 303
